<?xml version="1.0" encoding="UTF-8"?>
<testsuite xmlns:xsi="http://www.w3.org/2001/XMLSchema-instance" xsi:noNamespaceSchemaLocation="https://maven.apache.org/surefire/maven-surefire-plugin/xsd/surefire-test-report-3.0.xsd" version="3.0" name="operations.SubtractionTest" time="0.02" tests="7" errors="0" skipped="0" failures="0">
  <properties>
[...]
</properties>
  <testcase name="testSubtractWithZero" classname="operations.SubtractionTest" time="0.002"/>
  <testcase name="testSubtractSmallNumbers" classname="operations.SubtractionTest" time="0.002"/>
  <testcase name="testSubtractDecimalNumbers" classname="operations.SubtractionTest" time="0.001"/>
  <testcase name="testSubtractPositiveAndNegativeNumbers" classname="operations.SubtractionTest" time="0.002"/>
  <testcase name="testSubtractPositiveNumbers" classname="operations.SubtractionTest" time="0.001"/>
  <testcase name="testSubtractNegativeNumbers" classname="operations.SubtractionTest" time="0.002"/>
  <testcase name="testSubtractLargeNumbers" classname="operations.SubtractionTest" time="0.002"/>
</testsuite>